2025-01-29 00:52:30,510 [ERROR] RtosPanel:558 - Can not restore the selected Tab for FREERTOS(A reason can be that the tab is no more available.)
2025-01-29 00:52:47,584 [INFO] TasksAndQueuesTab:757 - Dynamic
2025-01-29 00:52:47,585 [WARN] TasksAndQueuesTab:763 - 128 128
2025-01-29 00:52:47,585 [WARN] TasksAndQueuesTab:775 - max value is: 3840.0
2025-01-29 00:52:49,900 [INFO] EditThreadDialog:704 - RAM SIZE (in KB): 128
2025-01-29 00:52:49,900 [INFO] EditThreadDialog:706 - RAM SIZE (in words): 32768
2025-01-29 00:53:03,230 [INFO] TasksAndQueuesTab:757 - Dynamic
2025-01-29 00:53:03,230 [WARN] TasksAndQueuesTab:763 - 256 128
2025-01-29 00:53:03,230 [WARN] TasksAndQueuesTab:775 - max value is: 3840.0
2025-01-29 01:03:29,615 [ERROR] RtosPanel:558 - Can not restore the selected Tab for FREERTOS(A reason can be that the tab is no more available.)
2025-01-29 01:03:43,760 [INFO] UtilMem:75 - End SaveConfig() Used Memory: 845957344 Bytes (1073741824)
2025-01-29 01:03:43,889 [INFO] UtilMem:75 - End SaveConfig() Used Memory: 864780064 Bytes (1073741824)
2025-01-29 01:03:44,674 [INFO] UtilMem:75 - End SaveConfig() Used Memory: 949244128 Bytes (1073741824)
2025-01-29 01:04:04,317 [INFO] UtilMem:75 - End SaveConfig() Used Memory: 908610856 Bytes (1073741824)
2025-01-29 01:04:04,462 [INFO] UtilMem:75 - End SaveConfig() Used Memory: 927055632 Bytes (1073741824)
2025-01-29 01:04:05,056 [INFO] UtilMem:75 - End SaveConfig() Used Memory: 820165600 Bytes (1073741824)
2025-01-29 01:04:05,326 [INFO] BlockDiagram:2759 - set Specific Code input for plugin: NVIC
2025-01-29 01:04:05,326 [INFO] BlockDiagram:2759 - set Specific Code input for plugin: FREERTOS
2025-01-29 01:04:05,326 [INFO] BlockDiagram:2759 - set Specific Code input for plugin: USART
2025-01-29 01:04:05,326 [INFO] BlockDiagram:2759 - set Specific Code input for plugin: SYS
2025-01-29 01:04:05,326 [INFO] BlockDiagram:2759 - set Specific Code input for plugin: GPIO
2025-01-29 01:04:05,326 [INFO] BlockDiagram:2759 - set Specific Code input for plugin: RCC
2025-01-29 01:04:05,327 [INFO] CodeGenerator:807 - code generatio: config db path: C:\ST\STM32CubeIDE_1.14.1\STM32CubeIDE\plugins\com.st.stm32cube.common.mx_6.10.0.202311202037\\db\
2025-01-29 01:04:05,490 [INFO] CodeEngine:255 - oldGeneratedFile, C:\Users\ACER\Documents\GitHub\FreeRTOS-on-STM32\LPM\MXTmpFiles\license.tmp_save
2025-01-29 01:04:05,654 [INFO] CodeEngine:279 - Generated code: C:\Users\ACER\Documents\GitHub\FreeRTOS-on-STM32\LPM\MXTmpFiles\license.tmp
2025-01-29 01:04:05,680 [INFO] CodeEngine:255 - oldGeneratedFile, C:\Users\ACER\Documents\GitHub\FreeRTOS-on-STM32\LPM\MXTmpFiles\gpio.tmp_save
2025-01-29 01:04:05,805 [INFO] CodeEngine:279 - Generated code: C:\Users\ACER\Documents\GitHub\FreeRTOS-on-STM32\LPM\MXTmpFiles\gpio.tmp
2025-01-29 01:04:05,873 [INFO] Middleware:1439 - No code input for Bsp Dependency
2025-01-29 01:04:05,880 [INFO] CodeEngine:255 - oldGeneratedFile, C:\Users\ACER\Documents\GitHub\FreeRTOS-on-STM32\LPM\MXTmpFiles\rtos_inc.tmp_save
2025-01-29 01:04:06,039 [INFO] CodeEngine:279 - Generated code: C:\Users\ACER\Documents\GitHub\FreeRTOS-on-STM32\LPM\MXTmpFiles\rtos_inc.tmp
2025-01-29 01:04:06,042 [INFO] CodeEngine:255 - oldGeneratedFile, C:\Users\ACER\Documents\GitHub\FreeRTOS-on-STM32\LPM\MXTmpFiles\rtos_kernelInit.tmp_save
2025-01-29 01:04:06,124 [INFO] CodeEngine:279 - Generated code: C:\Users\ACER\Documents\GitHub\FreeRTOS-on-STM32\LPM\MXTmpFiles\rtos_kernelInit.tmp
2025-01-29 01:04:06,128 [INFO] CodeEngine:255 - oldGeneratedFile, C:\Users\ACER\Documents\GitHub\FreeRTOS-on-STM32\LPM\MXTmpFiles\rtos_kernelStart.tmp_save
2025-01-29 01:04:06,194 [INFO] CodeEngine:279 - Generated code: C:\Users\ACER\Documents\GitHub\FreeRTOS-on-STM32\LPM\MXTmpFiles\rtos_kernelStart.tmp
2025-01-29 01:04:06,197 [INFO] CodeEngine:255 - oldGeneratedFile, C:\Users\ACER\Documents\GitHub\FreeRTOS-on-STM32\LPM\MXTmpFiles\rtos_typedefs.tmp_save
2025-01-29 01:04:06,263 [INFO] CodeEngine:279 - Generated code: C:\Users\ACER\Documents\GitHub\FreeRTOS-on-STM32\LPM\MXTmpFiles\rtos_typedefs.tmp
2025-01-29 01:04:06,268 [INFO] CodeEngine:255 - oldGeneratedFile, C:\Users\ACER\Documents\GitHub\FreeRTOS-on-STM32\LPM\MXTmpFiles\rtos_vars.tmp_save
2025-01-29 01:04:06,355 [INFO] CodeEngine:279 - Generated code: C:\Users\ACER\Documents\GitHub\FreeRTOS-on-STM32\LPM\MXTmpFiles\rtos_vars.tmp
2025-01-29 01:04:06,359 [INFO] CodeEngine:255 - oldGeneratedFile, C:\Users\ACER\Documents\GitHub\FreeRTOS-on-STM32\LPM\MXTmpFiles\rtos_pfp.tmp_save
2025-01-29 01:04:06,457 [INFO] CodeEngine:279 - Generated code: C:\Users\ACER\Documents\GitHub\FreeRTOS-on-STM32\LPM\MXTmpFiles\rtos_pfp.tmp
2025-01-29 01:04:06,460 [INFO] CodeEngine:255 - oldGeneratedFile, C:\Users\ACER\Documents\GitHub\FreeRTOS-on-STM32\LPM\MXTmpFiles\rtos_obj_creat.tmp_save
2025-01-29 01:04:06,548 [INFO] CodeEngine:279 - Generated code: C:\Users\ACER\Documents\GitHub\FreeRTOS-on-STM32\LPM\MXTmpFiles\rtos_obj_creat.tmp
2025-01-29 01:04:06,555 [INFO] CodeEngine:255 - oldGeneratedFile, C:\Users\ACER\Documents\GitHub\FreeRTOS-on-STM32\LPM\MXTmpFiles\rtos_default_thread.tmp_save
2025-01-29 01:04:06,643 [INFO] CodeEngine:279 - Generated code: C:\Users\ACER\Documents\GitHub\FreeRTOS-on-STM32\LPM\MXTmpFiles\rtos_default_thread.tmp
2025-01-29 01:04:06,656 [INFO] CodeEngine:255 - oldGeneratedFile, C:\Users\ACER\Documents\GitHub\FreeRTOS-on-STM32\LPM\MXTmpFiles\rtos_threads.tmp_save
2025-01-29 01:04:06,728 [INFO] CodeEngine:279 - Generated code: C:\Users\ACER\Documents\GitHub\FreeRTOS-on-STM32\LPM\MXTmpFiles\rtos_threads.tmp
2025-01-29 01:04:06,736 [INFO] Middleware:1439 - No code input for Bsp Dependency
2025-01-29 01:04:06,743 [INFO] CodeEngine:255 - oldGeneratedFile, C:\Users\ACER\Documents\GitHub\FreeRTOS-on-STM32\LPM\MXTmpFiles\rtos_inc.tmp_save
2025-01-29 01:04:06,824 [INFO] CodeEngine:279 - Generated code: C:\Users\ACER\Documents\GitHub\FreeRTOS-on-STM32\LPM\MXTmpFiles\rtos_inc.tmp
2025-01-29 01:04:06,830 [INFO] CodeEngine:255 - oldGeneratedFile, C:\Users\ACER\Documents\GitHub\FreeRTOS-on-STM32\LPM\MXTmpFiles\rtos_kernelInit.tmp_save
2025-01-29 01:04:06,888 [INFO] CodeEngine:279 - Generated code: C:\Users\ACER\Documents\GitHub\FreeRTOS-on-STM32\LPM\MXTmpFiles\rtos_kernelInit.tmp
2025-01-29 01:04:06,893 [INFO] CodeEngine:255 - oldGeneratedFile, C:\Users\ACER\Documents\GitHub\FreeRTOS-on-STM32\LPM\MXTmpFiles\rtos_kernelStart.tmp_save
2025-01-29 01:04:06,962 [INFO] CodeEngine:279 - Generated code: C:\Users\ACER\Documents\GitHub\FreeRTOS-on-STM32\LPM\MXTmpFiles\rtos_kernelStart.tmp
2025-01-29 01:04:06,971 [INFO] CodeEngine:255 - oldGeneratedFile, C:\Users\ACER\Documents\GitHub\FreeRTOS-on-STM32\LPM\MXTmpFiles\rtos_typedefs.tmp_save
2025-01-29 01:04:07,026 [INFO] CodeEngine:279 - Generated code: C:\Users\ACER\Documents\GitHub\FreeRTOS-on-STM32\LPM\MXTmpFiles\rtos_typedefs.tmp
2025-01-29 01:04:07,045 [INFO] CodeEngine:255 - oldGeneratedFile, C:\Users\ACER\Documents\GitHub\FreeRTOS-on-STM32\LPM\MXTmpFiles\rtos_vars.tmp_save
2025-01-29 01:04:07,104 [INFO] CodeEngine:279 - Generated code: C:\Users\ACER\Documents\GitHub\FreeRTOS-on-STM32\LPM\MXTmpFiles\rtos_vars.tmp
2025-01-29 01:04:07,110 [INFO] CodeEngine:255 - oldGeneratedFile, C:\Users\ACER\Documents\GitHub\FreeRTOS-on-STM32\LPM\MXTmpFiles\rtos_pfp.tmp_save
2025-01-29 01:04:07,161 [INFO] CodeEngine:279 - Generated code: C:\Users\ACER\Documents\GitHub\FreeRTOS-on-STM32\LPM\MXTmpFiles\rtos_pfp.tmp
2025-01-29 01:04:07,179 [INFO] CodeEngine:255 - oldGeneratedFile, C:\Users\ACER\Documents\GitHub\FreeRTOS-on-STM32\LPM\MXTmpFiles\rtos_obj_creat.tmp_save
2025-01-29 01:04:07,246 [INFO] CodeEngine:279 - Generated code: C:\Users\ACER\Documents\GitHub\FreeRTOS-on-STM32\LPM\MXTmpFiles\rtos_obj_creat.tmp
2025-01-29 01:04:07,254 [INFO] CodeEngine:255 - oldGeneratedFile, C:\Users\ACER\Documents\GitHub\FreeRTOS-on-STM32\LPM\MXTmpFiles\rtos_default_thread.tmp_save
2025-01-29 01:04:07,313 [INFO] CodeEngine:279 - Generated code: C:\Users\ACER\Documents\GitHub\FreeRTOS-on-STM32\LPM\MXTmpFiles\rtos_default_thread.tmp
2025-01-29 01:04:07,320 [INFO] CodeEngine:255 - oldGeneratedFile, C:\Users\ACER\Documents\GitHub\FreeRTOS-on-STM32\LPM\MXTmpFiles\rtos_threads.tmp_save
2025-01-29 01:04:07,378 [INFO] CodeEngine:279 - Generated code: C:\Users\ACER\Documents\GitHub\FreeRTOS-on-STM32\LPM\MXTmpFiles\rtos_threads.tmp
2025-01-29 01:04:07,383 [INFO] CodeEngine:255 - oldGeneratedFile, C:\Users\ACER\Documents\GitHub\FreeRTOS-on-STM32\LPM\Core\Inc\FreeRTOSConfig.h_save
2025-01-29 01:04:07,511 [INFO] CodeEngine:279 - Generated code: C:\Users\ACER\Documents\GitHub\FreeRTOS-on-STM32\LPM\Core\Inc\FreeRTOSConfig.h
2025-01-29 01:04:07,530 [INFO] CodeEngine:255 - oldGeneratedFile, C:\Users\ACER\Documents\GitHub\FreeRTOS-on-STM32\LPM\Core\Src\freertos.c_save
2025-01-29 01:04:07,653 [INFO] CodeEngine:279 - Generated code: C:\Users\ACER\Documents\GitHub\FreeRTOS-on-STM32\LPM\Core\Src\freertos.c
2025-01-29 01:04:07,681 [INFO] CodeEngine:255 - oldGeneratedFile, C:\Users\ACER\Documents\GitHub\FreeRTOS-on-STM32\LPM\Core\Src\stm32f4xx_it.c_save
2025-01-29 01:04:07,897 [INFO] CodeEngine:279 - Generated code: C:\Users\ACER\Documents\GitHub\FreeRTOS-on-STM32\LPM\Core\Src\stm32f4xx_it.c
2025-01-29 01:04:07,905 [INFO] CodeEngine:255 - oldGeneratedFile, C:\Users\ACER\Documents\GitHub\FreeRTOS-on-STM32\LPM\Core\Inc\stm32f4xx_it.h_save
2025-01-29 01:04:07,992 [INFO] CodeEngine:279 - Generated code: C:\Users\ACER\Documents\GitHub\FreeRTOS-on-STM32\LPM\Core\Inc\stm32f4xx_it.h
2025-01-29 01:04:08,015 [INFO] CodeEngine:255 - oldGeneratedFile, C:\Users\ACER\Documents\GitHub\FreeRTOS-on-STM32\LPM\Core\Src\stm32f4xx_hal_msp.c_save
2025-01-29 01:04:08,156 [INFO] CodeEngine:279 - Generated code: C:\Users\ACER\Documents\GitHub\FreeRTOS-on-STM32\LPM\Core\Src\stm32f4xx_hal_msp.c
2025-01-29 01:04:08,160 [INFO] CodeEngine:255 - oldGeneratedFile, C:\Users\ACER\Documents\GitHub\FreeRTOS-on-STM32\LPM\MXTmpFiles\system.tmp_save
2025-01-29 01:04:08,227 [INFO] CodeEngine:279 - Generated code: C:\Users\ACER\Documents\GitHub\FreeRTOS-on-STM32\LPM\MXTmpFiles\system.tmp
2025-01-29 01:04:08,230 [INFO] CodeEngine:255 - oldGeneratedFile, C:\Users\ACER\Documents\GitHub\FreeRTOS-on-STM32\LPM\Core\Src\stm32f4xx_hal_timebase_tim.c_save
2025-01-29 01:04:08,392 [INFO] CodeEngine:279 - Generated code: C:\Users\ACER\Documents\GitHub\FreeRTOS-on-STM32\LPM\Core\Src\stm32f4xx_hal_timebase_tim.c
2025-01-29 01:04:08,423 [INFO] CodeEngine:311 - oldGeneratedFile, C:\Users\ACER\Documents\GitHub\FreeRTOS-on-STM32\LPM\Core\Inc\stm32f4xx_hal_conf.h_save
2025-01-29 01:04:08,540 [INFO] CodeEngine:335 - Generated code: C:\Users\ACER\Documents\GitHub\FreeRTOS-on-STM32\LPM\Core\Inc\stm32f4xx_hal_conf.h
2025-01-29 01:04:08,613 [INFO] CodeEngine:255 - oldGeneratedFile, C:\Users\ACER\Documents\GitHub\FreeRTOS-on-STM32\LPM\Core\Inc\main.h_save
2025-01-29 01:04:08,744 [INFO] CodeEngine:279 - Generated code: C:\Users\ACER\Documents\GitHub\FreeRTOS-on-STM32\LPM\Core\Inc\main.h
2025-01-29 01:04:08,764 [INFO] CodeEngine:255 - oldGeneratedFile, C:\Users\ACER\Documents\GitHub\FreeRTOS-on-STM32\LPM\Core\Src\main.c_save
2025-01-29 01:04:08,888 [INFO] CodeEngine:279 - Generated code: C:\Users\ACER\Documents\GitHub\FreeRTOS-on-STM32\LPM\Core\Src\main.c
2025-01-29 01:04:09,622 [INFO] ProjectBuilder:3076 - Time for Copy HAL[1] : 283mS.
2025-01-29 01:04:09,626 [INFO] ProjectBuilder:4485 - Project Generator version: 4.2.0-B44
2025-01-29 01:04:09,959 [INFO] ConfigFileManager:1495 - The Die is : DIE431
2025-01-29 01:04:11,947 [INFO] ProjectBuilder:4747 - Time for Generating toolchain IDE Files: 2320mS.
2025-01-29 01:04:11,948 [INFO] ProjectBuilder:2947 - Time for Copy CMSIS : 1mS.
2025-01-29 01:04:11,955 [INFO] ProjectBuilder:2947 - Time for Copy CMSIS : 1mS.
